2026-05-12 10:26:53,587 - CAMERA ALARM: IEI29-QVR-01 - 2F停車場B01-B04 (#23) is NVR_CAM_CONNECTING
2026-05-12 10:26:53,589 - CAMERA ALARM: IEI29-QVR-01 - 4F自動門 (#44) is NVR_CAM_CONNECTING
2026-05-12 10:26:53,589 - CAMERA ALARM: IEI29-QVR-01 - 4F會客室 (#55) is NVR_CAM_CONNECTING
2026-05-12 10:26:53,589 - CAMERA ALARM: IEI29-QVR-02 - 4F總機櫃台 (#4) is NVR_CAM_CONNECTING
2026-05-12 10:26:53,589 - CAMERA ALARM: IEI29-QVR-02 - 4F大廳(魚眼) (#35) is NVR_CAM_CONNECTING
2026-05-12 10:26:53,589 - CAMERA ALARM: RD-TEST - Camera 001 (#0) is NVR_CAM_CONNECTING
2026-05-12 10:27:23,572 - CAMERA ALARM: IEI29-QVR-01 - 2F停車場B01-B04 (#23) is NVR_CAM_CONNECTING
2026-05-12 10:27:23,572 - CAMERA ALARM: IEI29-QVR-01 - 4F自動門 (#44) is NVR_CAM_CONNECTING
2026-05-12 10:27:23,574 - CAMERA ALARM: IEI29-QVR-01 - 4F會客室 (#55) is NVR_CAM_CONNECTING
2026-05-12 10:27:23,574 - CAMERA ALARM: IEI29-QVR-02 - 4F總機櫃台 (#4) is NVR_CAM_CONNECTING
2026-05-12 10:27:23,574 - CAMERA ALARM: IEI29-QVR-02 - 4F大廳(魚眼) (#35) is NVR_CAM_CONNECTING
2026-05-12 10:27:23,574 - CAMERA ALARM: RD-TEST - Camera 001 (#0) is NVR_CAM_CONNECTING
2026-05-12 10:27:52,451 - CAMERA ALARM: IEI29-QVR-01 - 2F停車場B01-B04 (#23) is NVR_CAM_CONNECTING
2026-05-12 10:27:52,452 - CAMERA ALARM: IEI29-QVR-01 - 4F自動門 (#44) is NVR_CAM_CONNECTING
2026-05-12 10:27:52,452 - CAMERA ALARM: IEI29-QVR-01 - 4F會客室 (#55) is NVR_CAM_CONNECTING
2026-05-12 10:27:52,452 - CAMERA ALARM: IEI29-QVR-02 - 4F總機櫃台 (#4) is NVR_CAM_CONNECTING
2026-05-12 10:27:52,452 - CAMERA ALARM: IEI29-QVR-02 - 4F大廳(魚眼) (#35) is NVR_CAM_CONNECTING
2026-05-12 10:27:52,452 - CAMERA ALARM: RD-TEST - Camera 001 (#0) is NVR_CAM_CONNECTING
2026-05-12 10:28:22,447 - CAMERA ALARM: IEI29-QVR-01 - 2F停車場B01-B04 (#23) is NVR_CAM_CONNECTING
2026-05-12 10:28:22,447 - CAMERA ALARM: IEI29-QVR-01 - 4F自動門 (#44) is NVR_CAM_CONNECTING
2026-05-12 10:28:22,447 - CAMERA ALARM: IEI29-QVR-01 - 4F會客室 (#55) is NVR_CAM_CONNECTING
2026-05-12 10:28:22,448 - CAMERA ALARM: IEI29-QVR-02 - 4F總機櫃台 (#4) is NVR_CAM_CONNECTING
2026-05-12 10:28:22,448 - CAMERA ALARM: IEI29-QVR-02 - 4F大廳(魚眼) (#35) is NVR_CAM_CONNECTING
2026-05-12 10:28:22,448 - CAMERA ALARM: RD-TEST - Camera 001 (#0) is NVR_CAM_CONNECTING
2026-05-12 10:28:53,276 - CAMERA ALARM: IEI29-QVR-01 - 2F停車場B01-B04 (#23) is NVR_CAM_CONNECTING
2026-05-12 10:28:53,276 - CAMERA ALARM: IEI29-QVR-01 - 4F自動門 (#44) is NVR_CAM_CONNECTING
2026-05-12 10:28:53,276 - CAMERA ALARM: IEI29-QVR-01 - 4F會客室 (#55) is NVR_CAM_CONNECTING
2026-05-12 10:28:53,276 - CAMERA ALARM: IEI29-QVR-02 - 4F總機櫃台 (#4) is NVR_CAM_CONNECTING
2026-05-12 10:28:53,276 - CAMERA ALARM: IEI29-QVR-02 - 4F大廳(魚眼) (#35) is NVR_CAM_CONNECTING
2026-05-12 10:28:53,276 - CAMERA ALARM: RD-TEST - Camera 001 (#0) is NVR_CAM_CONNECTING
2026-05-12 10:29:23,512 - CAMERA ALARM: IEI29-QVR-01 - 2F停車場B01-B04 (#23) is NVR_CAM_CONNECTING
2026-05-12 10:29:23,512 - CAMERA ALARM: IEI29-QVR-01 - 4F自動門 (#44) is NVR_CAM_CONNECTING
2026-05-12 10:29:23,512 - CAMERA ALARM: IEI29-QVR-01 - 4F會客室 (#55) is NVR_CAM_CONNECTING
2026-05-12 10:29:23,512 - CAMERA ALARM: IEI29-QVR-02 - 4F總機櫃台 (#4) is NVR_CAM_CONNECTING
2026-05-12 10:29:23,513 - CAMERA ALARM: IEI29-QVR-02 - 4F大廳(魚眼) (#35) is NVR_CAM_CONNECTING
2026-05-12 10:29:23,513 - CAMERA ALARM: RD-TEST - Camera 001 (#0) is NVR_CAM_CONNECTING
2026-05-12 10:29:53,660 - CAMERA ALARM: IEI29-QVR-01 - 2F停車場B01-B04 (#23) is NVR_CAM_CONNECTING
2026-05-12 10:29:53,660 - CAMERA ALARM: IEI29-QVR-01 - 4F自動門 (#44) is NVR_CAM_CONNECTING
2026-05-12 10:29:53,661 - CAMERA ALARM: IEI29-QVR-01 - 4F會客室 (#55) is NVR_CAM_CONNECTING
2026-05-12 10:29:53,661 - CAMERA ALARM: IEI29-QVR-02 - 4F總機櫃台 (#4) is NVR_CAM_CONNECTING
2026-05-12 10:29:53,705 - CAMERA ALARM: IEI29-QVR-02 - 4F大廳(魚眼) (#35) is NVR_CAM_CONNECTING
2026-05-12 10:29:53,707 - CAMERA ALARM: RD-TEST - Camera 001 (#0) is NVR_CAM_CONNECTING
2026-05-12 10:30:22,499 - CAMERA ALARM: IEI29-QVR-01 - 2F停車場B01-B04 (#23) is NVR_CAM_CONNECTING
2026-05-12 10:30:22,499 - CAMERA ALARM: IEI29-QVR-01 - 4F自動門 (#44) is NVR_CAM_CONNECTING
2026-05-12 10:30:22,499 - CAMERA ALARM: IEI29-QVR-01 - 4F會客室 (#55) is NVR_CAM_CONNECTING
2026-05-12 10:30:22,499 - CAMERA ALARM: IEI29-QVR-02 - 4F總機櫃台 (#4) is NVR_CAM_CONNECTING
2026-05-12 10:30:22,499 - CAMERA ALARM: IEI29-QVR-02 - 4F大廳(魚眼) (#35) is NVR_CAM_CONNECTING
2026-05-12 10:30:22,499 - CAMERA ALARM: RD-TEST - Camera 001 (#0) is NVR_CAM_CONNECTING
2026-05-12 10:30:53,406 - CAMERA ALARM: IEI29-QVR-01 - 2F停車場B01-B04 (#23) is NVR_CAM_CONNECTING
2026-05-12 10:30:53,407 - CAMERA ALARM: IEI29-QVR-01 - 4F自動門 (#44) is NVR_CAM_CONNECTING
2026-05-12 10:30:53,407 - CAMERA ALARM: IEI29-QVR-01 - 4F會客室 (#55) is NVR_CAM_CONNECTING
2026-05-12 10:30:53,407 - CAMERA ALARM: IEI29-QVR-02 - 4F總機櫃台 (#4) is NVR_CAM_CONNECTING
2026-05-12 10:30:53,407 - CAMERA ALARM: IEI29-QVR-02 - 4F大廳(魚眼) (#35) is NVR_CAM_CONNECTING
2026-05-12 10:30:53,407 - CAMERA ALARM: RD-TEST - Camera 001 (#0) is NVR_CAM_CONNECTING
2026-05-12 10:31:23,387 - CAMERA ALARM: IEI29-QVR-01 - 2F停車場B01-B04 (#23) is NVR_CAM_CONNECTING
2026-05-12 10:31:23,387 - CAMERA ALARM: IEI29-QVR-01 - 4F自動門 (#44) is NVR_CAM_CONNECTING
2026-05-12 10:31:23,387 - CAMERA ALARM: IEI29-QVR-01 - 4F會客室 (#55) is NVR_CAM_CONNECTING
2026-05-12 10:31:23,387 - CAMERA ALARM: IEI29-QVR-02 - 4F總機櫃台 (#4) is NVR_CAM_CONNECTING
2026-05-12 10:31:23,387 - CAMERA ALARM: IEI29-QVR-02 - 4F大廳(魚眼) (#35) is NVR_CAM_CONNECTING
2026-05-12 10:31:23,387 - CAMERA ALARM: RD-TEST - Camera 001 (#0) is NVR_CAM_CONNECTING
2026-05-12 10:31:53,399 - CAMERA ALARM: IEI29-QVR-01 - 2F停車場B01-B04 (#23) is NVR_CAM_CONNECTING
2026-05-12 10:31:53,399 - CAMERA ALARM: IEI29-QVR-01 - 4F自動門 (#44) is NVR_CAM_CONNECTING
2026-05-12 10:31:53,399 - CAMERA ALARM: IEI29-QVR-01 - 4F會客室 (#55) is NVR_CAM_CONNECTING
2026-05-12 10:31:53,399 - CAMERA ALARM: IEI29-QVR-02 - 4F總機櫃台 (#4) is NVR_CAM_CONNECTING
2026-05-12 10:31:53,400 - CAMERA ALARM: IEI29-QVR-02 - 4F大廳(魚眼) (#35) is NVR_CAM_CONNECTING
2026-05-12 10:31:53,400 - CAMERA ALARM: RD-TEST - Camera 001 (#0) is NVR_CAM_CONNECTING
2026-05-12 10:32:23,432 - CAMERA ALARM: IEI29-QVR-01 - 2F停車場B01-B04 (#23) is NVR_CAM_CONNECTING
2026-05-12 10:32:23,432 - CAMERA ALARM: IEI29-QVR-01 - 4F自動門 (#44) is NVR_CAM_CONNECTING
2026-05-12 10:32:23,432 - CAMERA ALARM: IEI29-QVR-01 - 4F會客室 (#55) is NVR_CAM_CONNECTING
2026-05-12 10:32:23,432 - CAMERA ALARM: IEI29-QVR-02 - 4F總機櫃台 (#4) is NVR_CAM_CONNECTING
2026-05-12 10:32:23,432 - CAMERA ALARM: IEI29-QVR-02 - 4F大廳(魚眼) (#35) is NVR_CAM_CONNECTING
2026-05-12 10:32:23,432 - CAMERA ALARM: RD-TEST - Camera 001 (#0) is NVR_CAM_CONNECTING
2026-05-12 10:32:53,304 - CAMERA ALARM: IEI29-QVR-01 - 2F停車場B01-B04 (#23) is NVR_CAM_CONNECTING
2026-05-12 10:32:53,304 - CAMERA ALARM: IEI29-QVR-01 - 4F自動門 (#44) is NVR_CAM_CONNECTING
2026-05-12 10:32:53,304 - CAMERA ALARM: IEI29-QVR-01 - 4F會客室 (#55) is NVR_CAM_CONNECTING
2026-05-12 10:32:53,304 - CAMERA ALARM: IEI29-QVR-02 - 4F總機櫃台 (#4) is NVR_CAM_CONNECTING
2026-05-12 10:32:53,304 - CAMERA ALARM: IEI29-QVR-02 - 4F大廳(魚眼) (#35) is NVR_CAM_CONNECTING
2026-05-12 10:32:53,304 - CAMERA ALARM: RD-TEST - Camera 001 (#0) is NVR_CAM_CONNECTING
2026-05-12 10:33:23,279 - CAMERA ALARM: IEI29-QVR-01 - 2F停車場B01-B04 (#23) is NVR_CAM_CONNECTING
2026-05-12 10:33:23,279 - CAMERA ALARM: IEI29-QVR-01 - 4F自動門 (#44) is NVR_CAM_CONNECTING
2026-05-12 10:33:23,279 - CAMERA ALARM: IEI29-QVR-01 - 4F會客室 (#55) is NVR_CAM_CONNECTING
2026-05-12 10:33:23,280 - CAMERA ALARM: IEI29-QVR-02 - 4F總機櫃台 (#4) is NVR_CAM_CONNECTING
2026-05-12 10:33:23,280 - CAMERA ALARM: IEI29-QVR-02 - 4F大廳(魚眼) (#35) is NVR_CAM_CONNECTING
2026-05-12 10:33:23,280 - CAMERA ALARM: RD-TEST - Camera 001 (#0) is NVR_CAM_CONNECTING
2026-05-12 10:33:53,414 - CAMERA ALARM: IEI29-QVR-01 - 2F停車場B01-B04 (#23) is NVR_CAM_CONNECTING
2026-05-12 10:33:53,415 - CAMERA ALARM: IEI29-QVR-01 - 4F自動門 (#44) is NVR_CAM_CONNECTING
2026-05-12 10:33:53,415 - CAMERA ALARM: IEI29-QVR-01 - 4F會客室 (#55) is NVR_CAM_CONNECTING
2026-05-12 10:33:53,415 - CAMERA ALARM: IEI29-QVR-02 - 4F總機櫃台 (#4) is NVR_CAM_CONNECTING
2026-05-12 10:33:53,415 - CAMERA ALARM: IEI29-QVR-02 - 4F大廳(魚眼) (#35) is NVR_CAM_CONNECTING
2026-05-12 10:33:53,415 - CAMERA ALARM: RD-TEST - Camera 001 (#0) is NVR_CAM_CONNECTING
2026-05-12 10:34:23,416 - CAMERA ALARM: IEI29-QVR-01 - 2F停車場B01-B04 (#23) is NVR_CAM_CONNECTING
2026-05-12 10:34:23,416 - CAMERA ALARM: IEI29-QVR-01 - 4F自動門 (#44) is NVR_CAM_CONNECTING
2026-05-12 10:34:23,416 - CAMERA ALARM: IEI29-QVR-01 - 4F會客室 (#55) is NVR_CAM_CONNECTING
2026-05-12 10:34:23,416 - CAMERA ALARM: IEI29-QVR-02 - 4F總機櫃台 (#4) is NVR_CAM_CONNECTING
2026-05-12 10:34:23,417 - CAMERA ALARM: IEI29-QVR-02 - 4F大廳(魚眼) (#35) is NVR_CAM_CONNECTING
2026-05-12 10:34:23,417 - CAMERA ALARM: RD-TEST - Camera 001 (#0) is NVR_CAM_CONNECTING
2026-05-12 10:34:53,489 - CAMERA ALARM: IEI29-QVR-01 - 2F停車場B01-B04 (#23) is NVR_CAM_CONNECTING
2026-05-12 10:34:53,489 - CAMERA ALARM: IEI29-QVR-01 - 4F自動門 (#44) is NVR_CAM_CONNECTING
2026-05-12 10:34:53,489 - CAMERA ALARM: IEI29-QVR-01 - 4F會客室 (#55) is NVR_CAM_CONNECTING
2026-05-12 10:34:53,489 - CAMERA ALARM: IEI29-QVR-02 - 4F總機櫃台 (#4) is NVR_CAM_CONNECTING
2026-05-12 10:34:53,489 - CAMERA ALARM: IEI29-QVR-02 - 4F大廳(魚眼) (#35) is NVR_CAM_CONNECTING
2026-05-12 10:34:53,489 - CAMERA ALARM: RD-TEST - Camera 001 (#0) is NVR_CAM_CONNECTING
2026-05-12 10:35:11,864 - CAMERA ALARM: IEI29-QVR-01 - 2F停車場B01-B04 (#23) is NVR_CAM_CONNECTING
2026-05-12 10:35:11,864 - CAMERA ALARM: IEI29-QVR-01 - 4F自動門 (#44) is NVR_CAM_CONNECTING
2026-05-12 10:35:11,864 - CAMERA ALARM: IEI29-QVR-01 - 4F會客室 (#55) is NVR_CAM_CONNECTING
2026-05-12 10:35:11,864 - CAMERA ALARM: IEI29-QVR-02 - 4F總機櫃台 (#4) is NVR_CAM_CONNECTING
2026-05-12 10:35:11,864 - CAMERA ALARM: IEI29-QVR-02 - 4F大廳(魚眼) (#35) is NVR_CAM_CONNECTING
2026-05-12 10:35:11,864 - CAMERA ALARM: RD-TEST - Camera 001 (#0) is NVR_CAM_CONNECTING
2026-05-12 10:35:42,162 - CAMERA ALARM: IEI29-QVR-01 - 2F停車場B01-B04 (#23) is NVR_CAM_CONNECTING
2026-05-12 10:35:42,162 - CAMERA ALARM: IEI29-QVR-01 - 4F自動門 (#44) is NVR_CAM_CONNECTING
2026-05-12 10:35:42,162 - CAMERA ALARM: IEI29-QVR-01 - 4F會客室 (#55) is NVR_CAM_CONNECTING
2026-05-12 10:35:42,162 - CAMERA ALARM: IEI29-QVR-02 - 4F總機櫃台 (#4) is NVR_CAM_CONNECTING
2026-05-12 10:35:42,162 - CAMERA ALARM: IEI29-QVR-02 - 4F大廳(魚眼) (#35) is NVR_CAM_CONNECTING
2026-05-12 10:35:42,162 - CAMERA ALARM: RD-TEST - Camera 001 (#0) is NVR_CAM_CONNECTING
2026-05-12 10:36:11,855 - CAMERA ALARM: IEI29-QVR-01 - 2F停車場B01-B04 (#23) is NVR_CAM_CONNECTING
2026-05-12 10:36:11,856 - CAMERA ALARM: IEI29-QVR-01 - 4F自動門 (#44) is NVR_CAM_CONNECTING
2026-05-12 10:36:11,856 - CAMERA ALARM: IEI29-QVR-01 - 4F會客室 (#55) is NVR_CAM_CONNECTING
2026-05-12 10:36:11,856 - CAMERA ALARM: IEI29-QVR-02 - 4F總機櫃台 (#4) is NVR_CAM_CONNECTING
2026-05-12 10:36:11,856 - CAMERA ALARM: IEI29-QVR-02 - 4F大廳(魚眼) (#35) is NVR_CAM_CONNECTING
2026-05-12 10:36:11,856 - CAMERA ALARM: RD-TEST - Camera 001 (#0) is NVR_CAM_CONNECTING
2026-05-12 10:36:41,872 - CAMERA ALARM: IEI29-QVR-01 - 2F停車場B01-B04 (#23) is NVR_CAM_CONNECTING
2026-05-12 10:36:41,872 - CAMERA ALARM: IEI29-QVR-01 - 4F自動門 (#44) is NVR_CAM_CONNECTING
2026-05-12 10:36:41,872 - CAMERA ALARM: IEI29-QVR-01 - 4F會客室 (#55) is NVR_CAM_CONNECTING
2026-05-12 10:36:41,872 - CAMERA ALARM: IEI29-QVR-02 - 4F總機櫃台 (#4) is NVR_CAM_CONNECTING
2026-05-12 10:36:41,872 - CAMERA ALARM: IEI29-QVR-02 - 4F大廳(魚眼) (#35) is NVR_CAM_CONNECTING
2026-05-12 10:36:41,873 - CAMERA ALARM: RD-TEST - Camera 001 (#0) is NVR_CAM_CONNECTING
2026-05-12 10:37:11,964 - CAMERA ALARM: IEI29-QVR-01 - 2F停車場B01-B04 (#23) is NVR_CAM_CONNECTING
2026-05-12 10:37:11,964 - CAMERA ALARM: IEI29-QVR-01 - 4F自動門 (#44) is NVR_CAM_CONNECTING
2026-05-12 10:37:11,964 - CAMERA ALARM: IEI29-QVR-01 - 4F會客室 (#55) is NVR_CAM_CONNECTING
2026-05-12 10:37:11,964 - CAMERA ALARM: IEI29-QVR-02 - 4F總機櫃台 (#4) is NVR_CAM_CONNECTING
2026-05-12 10:37:11,964 - CAMERA ALARM: IEI29-QVR-02 - 4F大廳(魚眼) (#35) is NVR_CAM_CONNECTING
2026-05-12 10:37:11,964 - CAMERA ALARM: RD-TEST - Camera 001 (#0) is NVR_CAM_CONNECTING
2026-05-12 10:37:41,926 - CAMERA ALARM: IEI29-QVR-01 - 2F停車場B01-B04 (#23) is NVR_CAM_CONNECTING
2026-05-12 10:37:41,926 - CAMERA ALARM: IEI29-QVR-01 - 4F自動門 (#44) is NVR_CAM_CONNECTING
2026-05-12 10:37:41,926 - CAMERA ALARM: IEI29-QVR-01 - 4F會客室 (#55) is NVR_CAM_CONNECTING
2026-05-12 10:37:41,926 - CAMERA ALARM: IEI29-QVR-02 - 4F總機櫃台 (#4) is NVR_CAM_CONNECTING
2026-05-12 10:37:41,926 - CAMERA ALARM: IEI29-QVR-02 - 4F大廳(魚眼) (#35) is NVR_CAM_CONNECTING
2026-05-12 10:37:41,926 - CAMERA ALARM: RD-TEST - Camera 001 (#0) is NVR_CAM_CONNECTING
2026-05-12 10:38:11,837 - CAMERA ALARM: IEI29-QVR-01 - 2F停車場B01-B04 (#23) is NVR_CAM_CONNECTING
2026-05-12 10:38:11,837 - CAMERA ALARM: IEI29-QVR-01 - 4F自動門 (#44) is NVR_CAM_CONNECTING
2026-05-12 10:38:11,837 - CAMERA ALARM: IEI29-QVR-01 - 4F會客室 (#55) is NVR_CAM_CONNECTING
2026-05-12 10:38:11,838 - CAMERA ALARM: IEI29-QVR-02 - 4F總機櫃台 (#4) is NVR_CAM_CONNECTING
2026-05-12 10:38:11,838 - CAMERA ALARM: IEI29-QVR-02 - 4F大廳(魚眼) (#35) is NVR_CAM_CONNECTING
2026-05-12 10:38:11,838 - CAMERA ALARM: RD-TEST - Camera 001 (#0) is NVR_CAM_CONNECTING
2026-05-12 10:38:41,851 - CAMERA ALARM: IEI29-QVR-01 - 2F停車場B01-B04 (#23) is NVR_CAM_CONNECTING
2026-05-12 10:38:41,852 - CAMERA ALARM: IEI29-QVR-01 - 4F自動門 (#44) is NVR_CAM_CONNECTING
2026-05-12 10:38:41,852 - CAMERA ALARM: IEI29-QVR-01 - 4F會客室 (#55) is NVR_CAM_CONNECTING
2026-05-12 10:38:41,852 - CAMERA ALARM: IEI29-QVR-02 - 4F總機櫃台 (#4) is NVR_CAM_CONNECTING
2026-05-12 10:38:41,852 - CAMERA ALARM: IEI29-QVR-02 - 4F大廳(魚眼) (#35) is NVR_CAM_CONNECTING
2026-05-12 10:38:41,852 - CAMERA ALARM: RD-TEST - Camera 001 (#0) is NVR_CAM_CONNECTING
2026-05-12 10:38:50,270 - CAMERA ALARM: IEI29-QVR-01 - 2F停車場B01-B04 (#23) is NVR_CAM_CONNECTING
2026-05-12 10:38:50,270 - CAMERA ALARM: IEI29-QVR-01 - 4F自動門 (#44) is NVR_CAM_CONNECTING
2026-05-12 10:38:50,271 - CAMERA ALARM: IEI29-QVR-01 - 4F會客室 (#55) is NVR_CAM_CONNECTING
2026-05-12 10:38:50,271 - CAMERA ALARM: IEI29-QVR-02 - 4F總機櫃台 (#4) is NVR_CAM_CONNECTING
2026-05-12 10:38:50,271 - CAMERA ALARM: IEI29-QVR-02 - 4F大廳(魚眼) (#35) is NVR_CAM_CONNECTING
2026-05-12 10:38:50,271 - CAMERA ALARM: RD-TEST - Camera 001 (#0) is NVR_CAM_CONNECTING
2026-05-12 10:39:20,351 - CAMERA ALARM: IEI29-QVR-01 - 2F停車場B01-B04 (#23) is NVR_CAM_CONNECTING
2026-05-12 10:39:20,352 - CAMERA ALARM: IEI29-QVR-01 - 4F自動門 (#44) is NVR_CAM_CONNECTING
2026-05-12 10:39:20,352 - CAMERA ALARM: IEI29-QVR-01 - 4F會客室 (#55) is NVR_CAM_CONNECTING
2026-05-12 10:39:20,352 - CAMERA ALARM: IEI29-QVR-02 - 4F總機櫃台 (#4) is NVR_CAM_CONNECTING
2026-05-12 10:39:20,352 - CAMERA ALARM: IEI29-QVR-02 - 4F大廳(魚眼) (#35) is NVR_CAM_CONNECTING
2026-05-12 10:39:20,352 - CAMERA ALARM: RD-TEST - Camera 001 (#0) is NVR_CAM_CONNECTING
2026-05-12 10:39:50,308 - CAMERA ALARM: IEI29-QVR-01 - 2F停車場B01-B04 (#23) is NVR_CAM_CONNECTING
2026-05-12 10:39:50,308 - CAMERA ALARM: IEI29-QVR-01 - 4F自動門 (#44) is NVR_CAM_CONNECTING
2026-05-12 10:39:50,308 - CAMERA ALARM: IEI29-QVR-01 - 4F會客室 (#55) is NVR_CAM_CONNECTING
2026-05-12 10:39:50,308 - CAMERA ALARM: IEI29-QVR-02 - 4F總機櫃台 (#4) is NVR_CAM_CONNECTING
2026-05-12 10:39:50,308 - CAMERA ALARM: IEI29-QVR-02 - 4F大廳(魚眼) (#35) is NVR_CAM_CONNECTING
2026-05-12 10:39:50,308 - CAMERA ALARM: RD-TEST - Camera 001 (#0) is NVR_CAM_CONNECTING
2026-05-12 10:40:20,320 - CAMERA ALARM: IEI29-QVR-01 - 2F停車場B01-B04 (#23) is NVR_CAM_CONNECTING
2026-05-12 10:40:20,320 - CAMERA ALARM: IEI29-QVR-01 - 4F自動門 (#44) is NVR_CAM_CONNECTING
2026-05-12 10:40:20,320 - CAMERA ALARM: IEI29-QVR-01 - 4F會客室 (#55) is NVR_CAM_CONNECTING
2026-05-12 10:40:20,320 - CAMERA ALARM: IEI29-QVR-02 - 4F總機櫃台 (#4) is NVR_CAM_CONNECTING
2026-05-12 10:40:20,321 - CAMERA ALARM: IEI29-QVR-02 - 4F大廳(魚眼) (#35) is NVR_CAM_CONNECTING
2026-05-12 10:40:20,321 - CAMERA ALARM: RD-TEST - Camera 001 (#0) is NVR_CAM_CONNECTING
2026-05-12 10:40:49,302 - CAMERA ALARM: IEI29-QVR-01 - 2F停車場B01-B04 (#23) is NVR_CAM_CONNECTING
2026-05-12 10:40:49,302 - CAMERA ALARM: IEI29-QVR-01 - 4F自動門 (#44) is NVR_CAM_CONNECTING
2026-05-12 10:40:49,302 - CAMERA ALARM: IEI29-QVR-01 - 4F會客室 (#55) is NVR_CAM_CONNECTING
2026-05-12 10:40:49,303 - CAMERA ALARM: IEI29-QVR-02 - 4F總機櫃台 (#4) is NVR_CAM_CONNECTING
2026-05-12 10:40:49,303 - CAMERA ALARM: IEI29-QVR-02 - 4F大廳(魚眼) (#35) is NVR_CAM_CONNECTING
2026-05-12 10:41:20,497 - CAMERA ALARM: IEI29-QVR-01 - 2F停車場B01-B04 (#23) is NVR_CAM_CONNECTING
2026-05-12 10:41:20,497 - CAMERA ALARM: IEI29-QVR-01 - 4F自動門 (#44) is NVR_CAM_CONNECTING
2026-05-12 10:41:20,497 - CAMERA ALARM: IEI29-QVR-01 - 4F會客室 (#55) is NVR_CAM_CONNECTING
2026-05-12 10:41:20,497 - CAMERA ALARM: IEI29-QVR-02 - 4F總機櫃台 (#4) is NVR_CAM_CONNECTING
2026-05-12 10:41:20,497 - CAMERA ALARM: IEI29-QVR-02 - 4F大廳(魚眼) (#35) is NVR_CAM_CONNECTING
2026-05-12 10:41:50,506 - CAMERA ALARM: IEI29-QVR-01 - 2F停車場B01-B04 (#23) is NVR_CAM_CONNECTING
2026-05-12 10:41:50,506 - CAMERA ALARM: IEI29-QVR-01 - 4F自動門 (#44) is NVR_CAM_CONNECTING
2026-05-12 10:41:50,506 - CAMERA ALARM: IEI29-QVR-01 - 4F會客室 (#55) is NVR_CAM_CONNECTING
2026-05-12 10:41:50,506 - CAMERA ALARM: IEI29-QVR-02 - 4F總機櫃台 (#4) is NVR_CAM_CONNECTING
2026-05-12 10:41:50,506 - CAMERA ALARM: IEI29-QVR-02 - 4F大廳(魚眼) (#35) is NVR_CAM_CONNECTING
2026-05-12 10:42:20,405 - CAMERA ALARM: IEI29-QVR-01 - 2F停車場B01-B04 (#23) is NVR_CAM_CONNECTING
2026-05-12 10:42:20,405 - CAMERA ALARM: IEI29-QVR-01 - 4F自動門 (#44) is NVR_CAM_CONNECTING
2026-05-12 10:42:20,405 - CAMERA ALARM: IEI29-QVR-01 - 4F會客室 (#55) is NVR_CAM_CONNECTING
2026-05-12 10:42:20,405 - CAMERA ALARM: IEI29-QVR-02 - 4F總機櫃台 (#4) is NVR_CAM_CONNECTING
2026-05-12 10:42:20,405 - CAMERA ALARM: IEI29-QVR-02 - 4F大廳(魚眼) (#35) is NVR_CAM_CONNECTING
2026-05-12 10:42:50,788 - CAMERA ALARM: IEI29-QVR-01 - 2F停車場B01-B04 (#23) is NVR_CAM_CONNECTING
2026-05-12 10:42:50,788 - CAMERA ALARM: IEI29-QVR-01 - 4F自動門 (#44) is NVR_CAM_CONNECTING
2026-05-12 10:42:50,788 - CAMERA ALARM: IEI29-QVR-01 - 4F會客室 (#55) is NVR_CAM_CONNECTING
2026-05-12 10:42:50,788 - CAMERA ALARM: IEI29-QVR-02 - 4F總機櫃台 (#4) is NVR_CAM_CONNECTING
2026-05-12 10:42:50,788 - CAMERA ALARM: IEI29-QVR-02 - 4F大廳(魚眼) (#35) is NVR_CAM_CONNECTING
2026-05-12 11:42:48,182 - CAMERA ALARM: IEI29-QVR-01 - 2F停車場B01-B04 (#23) is NVR_CAM_CONNECTING
2026-05-12 11:42:48,182 - CAMERA ALARM: IEI29-QVR-01 - 4F自動門 (#44) is NVR_CAM_CONNECTING
2026-05-12 11:42:48,183 - CAMERA ALARM: IEI29-QVR-01 - 4F會客室 (#55) is NVR_CAM_CONNECTING
2026-05-12 11:42:48,183 - CAMERA ALARM: IEI29-QVR-02 - 4F總機櫃台 (#4) is NVR_CAM_CONNECTING
2026-05-12 11:42:48,183 - CAMERA ALARM: IEI29-QVR-02 - 4F大廳(魚眼) (#35) is NVR_CAM_CONNECTING
2026-05-12 11:43:18,676 - CAMERA ALARM: IEI29-QVR-01 - 2F停車場B01-B04 (#23) is NVR_CAM_CONNECTING
2026-05-12 11:43:18,676 - CAMERA ALARM: IEI29-QVR-01 - 4F自動門 (#44) is NVR_CAM_CONNECTING
2026-05-12 11:43:18,676 - CAMERA ALARM: IEI29-QVR-01 - 4F會客室 (#55) is NVR_CAM_CONNECTING
2026-05-12 11:43:18,676 - CAMERA ALARM: IEI29-QVR-02 - 4F總機櫃台 (#4) is NVR_CAM_CONNECTING
2026-05-12 11:43:18,676 - CAMERA ALARM: IEI29-QVR-02 - 4F大廳(魚眼) (#35) is NVR_CAM_CONNECTING
2026-05-12 11:43:51,114 - CAMERA ALARM: IEI29-QVR-01 - 2F停車場B01-B04 (#23) is NVR_CAM_CONNECTING
2026-05-12 11:43:51,114 - CAMERA ALARM: IEI29-QVR-01 - 4F自動門 (#44) is NVR_CAM_CONNECTING
2026-05-12 11:43:51,114 - CAMERA ALARM: IEI29-QVR-01 - 4F會客室 (#55) is NVR_CAM_CONNECTING
2026-05-12 11:43:51,115 - CAMERA ALARM: IEI29-QVR-02 - 4F總機櫃台 (#4) is NVR_CAM_CONNECTING
2026-05-12 11:43:51,115 - CAMERA ALARM: IEI29-QVR-02 - 4F大廳(魚眼) (#35) is NVR_CAM_CONNECTING
2026-05-12 11:44:18,576 - CAMERA ALARM: IEI29-QVR-01 - 2F停車場B01-B04 (#23) is NVR_CAM_CONNECTING
2026-05-12 11:44:18,576 - CAMERA ALARM: IEI29-QVR-01 - 4F自動門 (#44) is NVR_CAM_CONNECTING
2026-05-12 11:44:18,576 - CAMERA ALARM: IEI29-QVR-01 - 4F會客室 (#55) is NVR_CAM_CONNECTING
2026-05-12 11:44:18,576 - CAMERA ALARM: IEI29-QVR-02 - 4F總機櫃台 (#4) is NVR_CAM_CONNECTING
2026-05-12 11:44:18,576 - CAMERA ALARM: IEI29-QVR-02 - 4F大廳(魚眼) (#35) is NVR_CAM_CONNECTING
2026-05-12 11:44:52,932 - CAMERA ALARM: IEI29-QVR-01 - 2F停車場B01-B04 (#23) is NVR_CAM_CONNECTING
2026-05-12 11:44:52,933 - CAMERA ALARM: IEI29-QVR-01 - 4F自動門 (#44) is NVR_CAM_CONNECTING
2026-05-12 11:44:52,933 - CAMERA ALARM: IEI29-QVR-01 - 4F會客室 (#55) is NVR_CAM_CONNECTING
2026-05-12 11:44:52,933 - CAMERA ALARM: IEI29-QVR-02 - 4F總機櫃台 (#4) is NVR_CAM_CONNECTING
2026-05-12 11:44:52,933 - CAMERA ALARM: IEI29-QVR-02 - 4F大廳(魚眼) (#35) is NVR_CAM_CONNECTING
2026-05-12 11:45:18,767 - CAMERA ALARM: IEI29-QVR-01 - 2F停車場B01-B04 (#23) is NVR_CAM_CONNECTING
2026-05-12 11:45:18,768 - CAMERA ALARM: IEI29-QVR-01 - 4F自動門 (#44) is NVR_CAM_CONNECTING
2026-05-12 11:45:18,768 - CAMERA ALARM: IEI29-QVR-01 - 4F會客室 (#55) is NVR_CAM_CONNECTING
2026-05-12 11:45:18,768 - CAMERA ALARM: IEI29-QVR-02 - 4F總機櫃台 (#4) is NVR_CAM_CONNECTING
2026-05-12 11:45:18,768 - CAMERA ALARM: IEI29-QVR-02 - 4F大廳(魚眼) (#35) is NVR_CAM_CONNECTING
2026-05-12 11:45:47,926 - CAMERA ALARM: IEI29-QVR-01 - 2F停車場B01-B04 (#23) is NVR_CAM_CONNECTING
2026-05-12 11:45:47,926 - CAMERA ALARM: IEI29-QVR-01 - 4F自動門 (#44) is NVR_CAM_CONNECTING
2026-05-12 11:45:47,926 - CAMERA ALARM: IEI29-QVR-01 - 4F會客室 (#55) is NVR_CAM_CONNECTING
2026-05-12 11:45:47,926 - CAMERA ALARM: IEI29-QVR-02 - 4F總機櫃台 (#4) is NVR_CAM_CONNECTING
2026-05-12 11:45:47,926 - CAMERA ALARM: IEI29-QVR-02 - 4F大廳(魚眼) (#35) is NVR_CAM_CONNECTING
2026-05-12 11:46:17,623 - CAMERA ALARM: IEI29-QVR-01 - 2F停車場B01-B04 (#23) is NVR_CAM_CONNECTING
2026-05-12 11:46:17,623 - CAMERA ALARM: IEI29-QVR-01 - 4F自動門 (#44) is NVR_CAM_CONNECTING
2026-05-12 11:46:17,623 - CAMERA ALARM: IEI29-QVR-01 - 4F會客室 (#55) is NVR_CAM_CONNECTING
2026-05-12 11:46:17,623 - CAMERA ALARM: IEI29-QVR-02 - 4F總機櫃台 (#4) is NVR_CAM_CONNECTING
2026-05-12 11:46:17,623 - CAMERA ALARM: IEI29-QVR-02 - 4F大廳(魚眼) (#35) is NVR_CAM_CONNECTING
2026-05-12 11:46:47,731 - CAMERA ALARM: IEI29-QVR-01 - 2F停車場B01-B04 (#23) is NVR_CAM_CONNECTING
2026-05-12 11:46:47,732 - CAMERA ALARM: IEI29-QVR-01 - 4F自動門 (#44) is NVR_CAM_CONNECTING
2026-05-12 11:46:47,732 - CAMERA ALARM: IEI29-QVR-01 - 4F會客室 (#55) is NVR_CAM_CONNECTING
2026-05-12 11:46:47,732 - CAMERA ALARM: IEI29-QVR-02 - 4F總機櫃台 (#4) is NVR_CAM_CONNECTING
2026-05-12 11:46:47,732 - CAMERA ALARM: IEI29-QVR-02 - 4F大廳(魚眼) (#35) is NVR_CAM_CONNECTING
2026-05-12 11:47:17,423 - CAMERA ALARM: IEI29-QVR-01 - 2F停車場B01-B04 (#23) is NVR_CAM_CONNECTING
2026-05-12 11:47:17,423 - CAMERA ALARM: IEI29-QVR-01 - 4F自動門 (#44) is NVR_CAM_CONNECTING
2026-05-12 11:47:17,423 - CAMERA ALARM: IEI29-QVR-01 - 4F會客室 (#55) is NVR_CAM_CONNECTING
2026-05-12 11:47:17,423 - CAMERA ALARM: IEI29-QVR-02 - 4F總機櫃台 (#4) is NVR_CAM_CONNECTING
2026-05-12 11:47:17,423 - CAMERA ALARM: IEI29-QVR-02 - 4F大廳(魚眼) (#35) is NVR_CAM_CONNECTING
2026-05-12 11:47:47,609 - CAMERA ALARM: IEI29-QVR-01 - 2F停車場B01-B04 (#23) is NVR_CAM_CONNECTING
2026-05-12 11:47:47,609 - CAMERA ALARM: IEI29-QVR-01 - 4F自動門 (#44) is NVR_CAM_CONNECTING
2026-05-12 11:47:47,609 - CAMERA ALARM: IEI29-QVR-01 - 4F會客室 (#55) is NVR_CAM_CONNECTING
2026-05-12 11:47:47,610 - CAMERA ALARM: IEI29-QVR-02 - 4F總機櫃台 (#4) is NVR_CAM_CONNECTING
2026-05-12 11:47:47,610 - CAMERA ALARM: IEI29-QVR-02 - 4F大廳(魚眼) (#35) is NVR_CAM_CONNECTING
2026-05-12 11:48:17,814 - CAMERA ALARM: IEI29-QVR-01 - 2F停車場B01-B04 (#23) is NVR_CAM_CONNECTING
2026-05-12 11:48:17,814 - CAMERA ALARM: IEI29-QVR-01 - 4F自動門 (#44) is NVR_CAM_CONNECTING
2026-05-12 11:48:17,815 - CAMERA ALARM: IEI29-QVR-01 - 4F會客室 (#55) is NVR_CAM_CONNECTING
2026-05-12 11:48:17,815 - CAMERA ALARM: IEI29-QVR-02 - 4F總機櫃台 (#4) is NVR_CAM_CONNECTING
2026-05-12 11:48:17,815 - CAMERA ALARM: IEI29-QVR-02 - 4F大廳(魚眼) (#35) is NVR_CAM_CONNECTING
2026-05-12 11:48:47,766 - CAMERA ALARM: IEI29-QVR-01 - 2F停車場B01-B04 (#23) is NVR_CAM_CONNECTING
2026-05-12 11:48:47,767 - CAMERA ALARM: IEI29-QVR-01 - 4F自動門 (#44) is NVR_CAM_CONNECTING
2026-05-12 11:48:47,767 - CAMERA ALARM: IEI29-QVR-01 - 4F會客室 (#55) is NVR_CAM_CONNECTING
2026-05-12 11:48:47,767 - CAMERA ALARM: IEI29-QVR-02 - 4F總機櫃台 (#4) is NVR_CAM_CONNECTING
2026-05-12 11:48:47,768 - CAMERA ALARM: IEI29-QVR-02 - 4F大廳(魚眼) (#35) is NVR_CAM_CONNECTING
2026-05-12 11:49:17,699 - CAMERA ALARM: IEI29-QVR-01 - 2F停車場B01-B04 (#23) is NVR_CAM_CONNECTING
2026-05-12 11:49:17,699 - CAMERA ALARM: IEI29-QVR-01 - 4F自動門 (#44) is NVR_CAM_CONNECTING
2026-05-12 11:49:17,699 - CAMERA ALARM: IEI29-QVR-01 - 4F會客室 (#55) is NVR_CAM_CONNECTING
2026-05-12 11:49:17,699 - CAMERA ALARM: IEI29-QVR-02 - 4F總機櫃台 (#4) is NVR_CAM_CONNECTING
2026-05-12 11:49:17,699 - CAMERA ALARM: IEI29-QVR-02 - 4F大廳(魚眼) (#35) is NVR_CAM_CONNECTING
2026-05-12 11:49:47,862 - CAMERA ALARM: IEI29-QVR-01 - 2F停車場B01-B04 (#23) is NVR_CAM_CONNECTING
2026-05-12 11:49:47,862 - CAMERA ALARM: IEI29-QVR-01 - 4F自動門 (#44) is NVR_CAM_CONNECTING
2026-05-12 11:49:47,862 - CAMERA ALARM: IEI29-QVR-01 - 4F會客室 (#55) is NVR_CAM_CONNECTING
2026-05-12 11:49:47,862 - CAMERA ALARM: IEI29-QVR-02 - 4F總機櫃台 (#4) is NVR_CAM_CONNECTING
2026-05-12 11:49:47,863 - CAMERA ALARM: IEI29-QVR-02 - 4F大廳(魚眼) (#35) is NVR_CAM_CONNECTING
2026-05-12 11:50:17,925 - CAMERA ALARM: IEI29-QVR-01 - 2F停車場B01-B04 (#23) is NVR_CAM_CONNECTING
2026-05-12 11:50:17,926 - CAMERA ALARM: IEI29-QVR-01 - 4F自動門 (#44) is NVR_CAM_CONNECTING
2026-05-12 11:50:17,926 - CAMERA ALARM: IEI29-QVR-01 - 4F會客室 (#55) is NVR_CAM_CONNECTING
2026-05-12 11:50:17,926 - CAMERA ALARM: IEI29-QVR-02 - 4F總機櫃台 (#4) is NVR_CAM_CONNECTING
2026-05-12 11:50:17,926 - CAMERA ALARM: IEI29-QVR-02 - 4F大廳(魚眼) (#35) is NVR_CAM_CONNECTING
2026-05-12 11:50:47,467 - CAMERA ALARM: IEI29-QVR-01 - 2F停車場B01-B04 (#23) is NVR_CAM_CONNECTING
2026-05-12 11:50:47,468 - CAMERA ALARM: IEI29-QVR-01 - 4F自動門 (#44) is NVR_CAM_CONNECTING
2026-05-12 11:50:47,468 - CAMERA ALARM: IEI29-QVR-01 - 4F會客室 (#55) is NVR_CAM_CONNECTING
2026-05-12 11:50:47,468 - CAMERA ALARM: IEI29-QVR-02 - 4F總機櫃台 (#4) is NVR_CAM_CONNECTING
2026-05-12 11:50:47,468 - CAMERA ALARM: IEI29-QVR-02 - 4F大廳(魚眼) (#35) is NVR_CAM_CONNECTING
2026-05-12 11:51:07,332 - CAMERA ALARM: IEI29-QVR-01 - 2F停車場B01-B04 (#23) is NVR_CAM_CONNECTING
2026-05-12 11:51:07,333 - CAMERA ALARM: IEI29-QVR-01 - 4F自動門 (#44) is NVR_CAM_CONNECTING
2026-05-12 11:51:07,333 - CAMERA ALARM: IEI29-QVR-01 - 4F會客室 (#55) is NVR_CAM_CONNECTING
2026-05-12 11:51:07,333 - CAMERA ALARM: IEI29-QVR-02 - 4F總機櫃台 (#4) is NVR_CAM_CONNECTING
2026-05-12 11:51:07,333 - CAMERA ALARM: IEI29-QVR-02 - 4F大廳(魚眼) (#35) is NVR_CAM_CONNECTING
2026-05-12 11:51:41,667 - CAMERA ALARM: IEI29-QVR-01 - 2F停車場B01-B04 (#23) is NVR_CAM_CONNECTING
2026-05-12 11:51:41,667 - CAMERA ALARM: IEI29-QVR-01 - 4F自動門 (#44) is NVR_CAM_CONNECTING
2026-05-12 11:51:41,667 - CAMERA ALARM: IEI29-QVR-01 - 4F會客室 (#55) is NVR_CAM_CONNECTING
2026-05-12 11:51:41,667 - CAMERA ALARM: IEI29-QVR-02 - 4F總機櫃台 (#4) is NVR_CAM_CONNECTING
2026-05-12 11:51:41,667 - CAMERA ALARM: IEI29-QVR-02 - 4F大廳(魚眼) (#35) is NVR_CAM_CONNECTING
2026-05-12 11:52:11,829 - CAMERA ALARM: IEI29-QVR-01 - 2F停車場B01-B04 (#23) is NVR_CAM_CONNECTING
2026-05-12 11:52:11,829 - CAMERA ALARM: IEI29-QVR-01 - 4F自動門 (#44) is NVR_CAM_CONNECTING
2026-05-12 11:52:11,829 - CAMERA ALARM: IEI29-QVR-01 - 4F會客室 (#55) is NVR_CAM_CONNECTING
2026-05-12 11:52:11,829 - CAMERA ALARM: IEI29-QVR-02 - 4F總機櫃台 (#4) is NVR_CAM_CONNECTING
2026-05-12 11:52:11,829 - CAMERA ALARM: IEI29-QVR-02 - 4F大廳(魚眼) (#35) is NVR_CAM_CONNECTING
2026-05-12 11:52:42,108 - CAMERA ALARM: IEI29-QVR-01 - 2F停車場B01-B04 (#23) is NVR_CAM_CONNECTING
2026-05-12 11:52:42,108 - CAMERA ALARM: IEI29-QVR-01 - 4F自動門 (#44) is NVR_CAM_CONNECTING
2026-05-12 11:52:42,108 - CAMERA ALARM: IEI29-QVR-01 - 4F會客室 (#55) is NVR_CAM_CONNECTING
2026-05-12 11:52:42,108 - CAMERA ALARM: IEI29-QVR-02 - 4F總機櫃台 (#4) is NVR_CAM_CONNECTING
2026-05-12 11:52:42,108 - CAMERA ALARM: IEI29-QVR-02 - 4F大廳(魚眼) (#35) is NVR_CAM_CONNECTING
2026-05-12 11:53:10,298 - CAMERA ALARM: IEI29-QVR-01 - 2F停車場B01-B04 (#23) is NVR_CAM_CONNECTING
2026-05-12 11:53:10,299 - CAMERA ALARM: IEI29-QVR-01 - 4F自動門 (#44) is NVR_CAM_CONNECTING
2026-05-12 11:53:10,299 - CAMERA ALARM: IEI29-QVR-01 - 4F會客室 (#55) is NVR_CAM_CONNECTING
2026-05-12 11:53:10,299 - CAMERA ALARM: IEI29-QVR-02 - 4F總機櫃台 (#4) is NVR_CAM_CONNECTING
2026-05-12 11:53:10,299 - CAMERA ALARM: IEI29-QVR-02 - 4F大廳(魚眼) (#35) is NVR_CAM_CONNECTING
2026-05-12 11:53:29,035 - CAMERA ALARM: IEI29-QVR-01 - 2F停車場B01-B04 (#23) is NVR_CAM_CONNECTING
2026-05-12 11:53:29,036 - CAMERA ALARM: IEI29-QVR-01 - 4F自動門 (#44) is NVR_CAM_CONNECTING
2026-05-12 11:53:29,036 - CAMERA ALARM: IEI29-QVR-01 - 4F會客室 (#55) is NVR_CAM_CONNECTING
2026-05-12 11:53:29,036 - CAMERA ALARM: IEI29-QVR-02 - 4F總機櫃台 (#4) is NVR_CAM_CONNECTING
2026-05-12 11:53:29,036 - CAMERA ALARM: IEI29-QVR-02 - 4F大廳(魚眼) (#35) is NVR_CAM_CONNECTING
2026-05-12 11:53:57,114 - CAMERA ALARM: IEI29-QVR-01 - 2F停車場B01-B04 (#23) is NVR_CAM_CONNECTING
2026-05-12 11:53:57,114 - CAMERA ALARM: IEI29-QVR-01 - 4F自動門 (#44) is NVR_CAM_CONNECTING
2026-05-12 11:53:57,114 - CAMERA ALARM: IEI29-QVR-01 - 4F會客室 (#55) is NVR_CAM_CONNECTING
2026-05-12 11:53:57,114 - CAMERA ALARM: IEI29-QVR-02 - 4F總機櫃台 (#4) is NVR_CAM_CONNECTING
2026-05-12 11:53:57,114 - CAMERA ALARM: IEI29-QVR-02 - 4F大廳(魚眼) (#35) is NVR_CAM_CONNECTING
2026-05-12 11:54:03,875 - CAMERA ALARM: IEI29-QVR-01 - 2F停車場B01-B04 (#23) is NVR_CAM_CONNECTING
2026-05-12 11:54:03,875 - CAMERA ALARM: IEI29-QVR-01 - 4F自動門 (#44) is NVR_CAM_CONNECTING
2026-05-12 11:54:03,875 - CAMERA ALARM: IEI29-QVR-01 - 4F會客室 (#55) is NVR_CAM_CONNECTING
2026-05-12 11:54:03,876 - CAMERA ALARM: IEI29-QVR-02 - 4F總機櫃台 (#4) is NVR_CAM_CONNECTING
2026-05-12 11:54:03,876 - CAMERA ALARM: IEI29-QVR-02 - 4F大廳(魚眼) (#35) is NVR_CAM_CONNECTING
2026-05-12 11:54:32,306 - CAMERA ALARM: IEI29-QVR-01 - 2F停車場B01-B04 (#23) is NVR_CAM_CONNECTING
2026-05-12 11:54:32,306 - CAMERA ALARM: IEI29-QVR-01 - 4F自動門 (#44) is NVR_CAM_CONNECTING
2026-05-12 11:54:32,306 - CAMERA ALARM: IEI29-QVR-01 - 4F會客室 (#55) is NVR_CAM_CONNECTING
2026-05-12 11:54:32,306 - CAMERA ALARM: IEI29-QVR-02 - 4F總機櫃台 (#4) is NVR_CAM_CONNECTING
2026-05-12 11:54:32,306 - CAMERA ALARM: IEI29-QVR-02 - 4F大廳(魚眼) (#35) is NVR_CAM_CONNECTING
2026-05-12 11:55:01,804 - CAMERA ALARM: IEI29-QVR-01 - 2F停車場B01-B04 (#23) is NVR_CAM_CONNECTING
2026-05-12 11:55:01,804 - CAMERA ALARM: IEI29-QVR-01 - 4F自動門 (#44) is NVR_CAM_CONNECTING
2026-05-12 11:55:01,804 - CAMERA ALARM: IEI29-QVR-01 - 4F會客室 (#55) is NVR_CAM_CONNECTING
2026-05-12 11:55:01,805 - CAMERA ALARM: IEI29-QVR-02 - 4F總機櫃台 (#4) is NVR_CAM_CONNECTING
2026-05-12 11:55:01,805 - CAMERA ALARM: IEI29-QVR-02 - 4F大廳(魚眼) (#35) is NVR_CAM_CONNECTING
2026-05-12 11:55:31,772 - CAMERA ALARM: IEI29-QVR-01 - 2F停車場B01-B04 (#23) is NVR_CAM_CONNECTING
2026-05-12 11:55:31,772 - CAMERA ALARM: IEI29-QVR-01 - 4F自動門 (#44) is NVR_CAM_CONNECTING
2026-05-12 11:55:31,772 - CAMERA ALARM: IEI29-QVR-01 - 4F會客室 (#55) is NVR_CAM_CONNECTING
2026-05-12 11:55:31,772 - CAMERA ALARM: IEI29-QVR-02 - 4F總機櫃台 (#4) is NVR_CAM_CONNECTING
2026-05-12 11:55:31,773 - CAMERA ALARM: IEI29-QVR-02 - 4F大廳(魚眼) (#35) is NVR_CAM_CONNECTING
2026-05-12 11:56:01,777 - CAMERA ALARM: IEI29-QVR-01 - 2F停車場B01-B04 (#23) is NVR_CAM_CONNECTING
2026-05-12 11:56:01,777 - CAMERA ALARM: IEI29-QVR-01 - 4F自動門 (#44) is NVR_CAM_CONNECTING
2026-05-12 11:56:01,777 - CAMERA ALARM: IEI29-QVR-01 - 4F會客室 (#55) is NVR_CAM_CONNECTING
2026-05-12 11:56:01,778 - CAMERA ALARM: IEI29-QVR-02 - 4F總機櫃台 (#4) is NVR_CAM_CONNECTING
2026-05-12 11:56:01,778 - CAMERA ALARM: IEI29-QVR-02 - 4F大廳(魚眼) (#35) is NVR_CAM_CONNECTING
2026-05-12 11:56:31,858 - CAMERA ALARM: IEI29-QVR-01 - 2F停車場B01-B04 (#23) is NVR_CAM_CONNECTING
2026-05-12 11:56:31,859 - CAMERA ALARM: IEI29-QVR-01 - 4F自動門 (#44) is NVR_CAM_CONNECTING
2026-05-12 11:56:31,859 - CAMERA ALARM: IEI29-QVR-01 - 4F會客室 (#55) is NVR_CAM_CONNECTING
2026-05-12 11:56:31,859 - CAMERA ALARM: IEI29-QVR-02 - 4F總機櫃台 (#4) is NVR_CAM_CONNECTING
2026-05-12 11:56:31,859 - CAMERA ALARM: IEI29-QVR-02 - 4F大廳(魚眼) (#35) is NVR_CAM_CONNECTING
2026-05-12 11:57:01,870 - CAMERA ALARM: IEI29-QVR-01 - 2F停車場B01-B04 (#23) is NVR_CAM_CONNECTING
2026-05-12 11:57:01,870 - CAMERA ALARM: IEI29-QVR-01 - 4F自動門 (#44) is NVR_CAM_CONNECTING
2026-05-12 11:57:01,870 - CAMERA ALARM: IEI29-QVR-01 - 4F會客室 (#55) is NVR_CAM_CONNECTING
2026-05-12 11:57:01,870 - CAMERA ALARM: IEI29-QVR-02 - 4F總機櫃台 (#4) is NVR_CAM_CONNECTING
2026-05-12 11:57:01,871 - CAMERA ALARM: IEI29-QVR-02 - 4F大廳(魚眼) (#35) is NVR_CAM_CONNECTING
2026-05-12 11:57:31,881 - CAMERA ALARM: IEI29-QVR-01 - 2F停車場B01-B04 (#23) is NVR_CAM_CONNECTING
2026-05-12 11:57:31,881 - CAMERA ALARM: IEI29-QVR-01 - 4F自動門 (#44) is NVR_CAM_CONNECTING
2026-05-12 11:57:31,881 - CAMERA ALARM: IEI29-QVR-01 - 4F會客室 (#55) is NVR_CAM_CONNECTING
2026-05-12 11:57:31,882 - CAMERA ALARM: IEI29-QVR-02 - 4F總機櫃台 (#4) is NVR_CAM_CONNECTING
2026-05-12 11:57:31,882 - CAMERA ALARM: IEI29-QVR-02 - 4F大廳(魚眼) (#35) is NVR_CAM_CONNECTING
2026-05-12 11:57:47,002 - CAMERA ALARM: IEI29-QVR-01 - 2F停車場B01-B04 (#23) is NVR_CAM_CONNECTING
2026-05-12 11:57:47,002 - CAMERA ALARM: IEI29-QVR-01 - 4F自動門 (#44) is NVR_CAM_CONNECTING
2026-05-12 11:57:47,003 - CAMERA ALARM: IEI29-QVR-01 - 4F會客室 (#55) is NVR_CAM_CONNECTING
2026-05-12 11:57:47,003 - CAMERA ALARM: IEI29-QVR-02 - 4F總機櫃台 (#4) is NVR_CAM_CONNECTING
2026-05-12 11:57:47,003 - CAMERA ALARM: IEI29-QVR-02 - 4F大廳(魚眼) (#35) is NVR_CAM_CONNECTING
2026-05-12 11:58:16,579 - CAMERA ALARM: IEI29-QVR-01 - 2F停車場B01-B04 (#23) is NVR_CAM_CONNECTING
2026-05-12 11:58:16,579 - CAMERA ALARM: IEI29-QVR-01 - 4F自動門 (#44) is NVR_CAM_CONNECTING
2026-05-12 11:58:16,579 - CAMERA ALARM: IEI29-QVR-01 - 4F會客室 (#55) is NVR_CAM_CONNECTING
2026-05-12 11:58:16,579 - CAMERA ALARM: IEI29-QVR-02 - 4F總機櫃台 (#4) is NVR_CAM_CONNECTING
2026-05-12 11:58:16,580 - CAMERA ALARM: IEI29-QVR-02 - 4F大廳(魚眼) (#35) is NVR_CAM_CONNECTING
2026-05-12 11:58:46,824 - CAMERA ALARM: IEI29-QVR-01 - 2F停車場B01-B04 (#23) is NVR_CAM_CONNECTING
2026-05-12 11:58:46,824 - CAMERA ALARM: IEI29-QVR-01 - 4F自動門 (#44) is NVR_CAM_CONNECTING
2026-05-12 11:58:46,824 - CAMERA ALARM: IEI29-QVR-01 - 4F會客室 (#55) is NVR_CAM_CONNECTING
2026-05-12 11:58:46,825 - CAMERA ALARM: IEI29-QVR-02 - 4F總機櫃台 (#4) is NVR_CAM_CONNECTING
2026-05-12 11:58:46,825 - CAMERA ALARM: IEI29-QVR-02 - 4F大廳(魚眼) (#35) is NVR_CAM_CONNECTING
2026-05-12 11:59:15,978 - CAMERA ALARM: IEI29-QVR-01 - 2F停車場B01-B04 (#23) is NVR_CAM_CONNECTING
2026-05-12 11:59:15,978 - CAMERA ALARM: IEI29-QVR-01 - 4F自動門 (#44) is NVR_CAM_CONNECTING
2026-05-12 11:59:15,978 - CAMERA ALARM: IEI29-QVR-01 - 4F會客室 (#55) is NVR_CAM_CONNECTING
2026-05-12 11:59:15,978 - CAMERA ALARM: IEI29-QVR-02 - 4F總機櫃台 (#4) is NVR_CAM_CONNECTING
2026-05-12 11:59:15,979 - CAMERA ALARM: IEI29-QVR-02 - 4F大廳(魚眼) (#35) is NVR_CAM_CONNECTING
2026-05-12 11:59:36,677 - CAMERA ALARM: IEI29-QVR-01 - 2F停車場B01-B04 (#23) is NVR_CAM_CONNECTING
2026-05-12 11:59:36,677 - CAMERA ALARM: IEI29-QVR-01 - 4F自動門 (#44) is NVR_CAM_CONNECTING
2026-05-12 11:59:36,678 - CAMERA ALARM: IEI29-QVR-01 - 4F會客室 (#55) is NVR_CAM_CONNECTING
2026-05-12 11:59:36,678 - CAMERA ALARM: IEI29-QVR-02 - 4F總機櫃台 (#4) is NVR_CAM_CONNECTING
2026-05-12 11:59:36,678 - CAMERA ALARM: IEI29-QVR-02 - 4F大廳(魚眼) (#35) is NVR_CAM_CONNECTING
2026-05-12 11:59:36,678 - CAMERA ALARM: RD-TEST - Camera 001 (#0) is NVR_CAM_CONNECTING
2026-05-12 12:00:07,555 - CAMERA ALARM: IEI29-QVR-01 - 2F停車場B01-B04 (#23) is NVR_CAM_CONNECTING
2026-05-12 12:00:07,555 - CAMERA ALARM: IEI29-QVR-01 - 4F自動門 (#44) is NVR_CAM_CONNECTING
2026-05-12 12:00:07,555 - CAMERA ALARM: IEI29-QVR-01 - 4F會客室 (#55) is NVR_CAM_CONNECTING
2026-05-12 12:00:07,555 - CAMERA ALARM: IEI29-QVR-02 - 4F總機櫃台 (#4) is NVR_CAM_CONNECTING
2026-05-12 12:00:07,555 - CAMERA ALARM: IEI29-QVR-02 - 4F大廳(魚眼) (#35) is NVR_CAM_CONNECTING
2026-05-12 12:00:36,560 - CAMERA ALARM: IEI29-QVR-01 - 2F停車場B01-B04 (#23) is NVR_CAM_CONNECTING
2026-05-12 12:00:36,560 - CAMERA ALARM: IEI29-QVR-01 - 4F自動門 (#44) is NVR_CAM_CONNECTING
2026-05-12 12:00:36,560 - CAMERA ALARM: IEI29-QVR-01 - 4F會客室 (#55) is NVR_CAM_CONNECTING
2026-05-12 12:00:36,560 - CAMERA ALARM: IEI29-QVR-02 - 4F總機櫃台 (#4) is NVR_CAM_CONNECTING
2026-05-12 12:00:36,560 - CAMERA ALARM: IEI29-QVR-02 - 4F大廳(魚眼) (#35) is NVR_CAM_CONNECTING
2026-05-12 12:01:06,593 - CAMERA ALARM: IEI29-QVR-01 - 2F停車場B01-B04 (#23) is NVR_CAM_CONNECTING
2026-05-12 12:01:06,593 - CAMERA ALARM: IEI29-QVR-01 - 4F自動門 (#44) is NVR_CAM_CONNECTING
2026-05-12 12:01:06,593 - CAMERA ALARM: IEI29-QVR-01 - 4F會客室 (#55) is NVR_CAM_CONNECTING
2026-05-12 12:01:06,593 - CAMERA ALARM: IEI29-QVR-02 - 4F總機櫃台 (#4) is NVR_CAM_CONNECTING
2026-05-12 12:01:06,593 - CAMERA ALARM: IEI29-QVR-02 - 4F大廳(魚眼) (#35) is NVR_CAM_CONNECTING
2026-05-12 12:01:37,417 - CAMERA ALARM: IEI29-QVR-01 - 2F停車場B01-B04 (#23) is NVR_CAM_CONNECTING
2026-05-12 12:01:37,417 - CAMERA ALARM: IEI29-QVR-01 - 4F自動門 (#44) is NVR_CAM_CONNECTING
2026-05-12 12:01:37,417 - CAMERA ALARM: IEI29-QVR-01 - 4F會客室 (#55) is NVR_CAM_CONNECTING
2026-05-12 12:01:37,417 - CAMERA ALARM: IEI29-QVR-02 - 4F總機櫃台 (#4) is NVR_CAM_CONNECTING
2026-05-12 12:01:37,417 - CAMERA ALARM: IEI29-QVR-02 - 4F大廳(魚眼) (#35) is NVR_CAM_CONNECTING
2026-05-12 12:02:07,561 - CAMERA ALARM: IEI29-QVR-01 - 2F停車場B01-B04 (#23) is NVR_CAM_CONNECTING
2026-05-12 12:02:07,561 - CAMERA ALARM: IEI29-QVR-01 - 4F自動門 (#44) is NVR_CAM_CONNECTING
2026-05-12 12:02:07,561 - CAMERA ALARM: IEI29-QVR-01 - 4F會客室 (#55) is NVR_CAM_CONNECTING
2026-05-12 12:02:07,561 - CAMERA ALARM: IEI29-QVR-02 - 4F總機櫃台 (#4) is NVR_CAM_CONNECTING
2026-05-12 12:02:07,561 - CAMERA ALARM: IEI29-QVR-02 - 4F大廳(魚眼) (#35) is NVR_CAM_CONNECTING
